2020-08-27 12:13:12,713  pseudo2test s'est connecté(e)
12:17:30  INFO [http-nio-8080-exec-3] fr.eni.ihm.ServletSeConnecter [ServletSeConnecter.java:64] pseudo2test s'est connecté(e)
12:17:33  INFO [http-nio-8080-exec-5] fr.eni [deconnexion.java:38] pseudo2test s'est déconnecté(e)
12:19:00  INFO fr.eni.ihm.ServletSeConnecter [ServletSeConnecter.java:64] pseudo2test s'est connecté(e)
13:02:58  INFO fr.eni [deconnexion.java:38] pseudi3test s'est déconnecté(e)
15:46:59  INFO fr.eni.ihm.ServletSeConnecter [ServletSeConnecter.java:64] vb s'est connecté(e)
15:49:22  INFO fr.eni.ihm.ServletSeConnecter [ServletSeConnecter.java:85] vb s'est connecté(e)
15:51:58  INFO fr.eni.ihm.ServletSeConnecter [ServletSeConnecter.java:85] vb s'est connecté(e)
16:04:29  INFO fr.eni.ihm.ServletSeConnecter [ServletSeConnecter.java:85] vb s'est connecté(e)
16:12:15  INFO fr.eni.ihm.deconnexion [deconnexion.java:40] vb s'est déconnecté(e)
16:16:51  INFO fr.eni.ihm.ServletSeConnecter [ServletSeConnecter.java:85] vb s'est connecté(e)
16:49:26  INFO fr.eni.ihm.ServletSeConnecter [ServletSeConnecter.java:85] vb s'est connecté(e)
16:49:28  INFO fr.eni.ihm.ServletSeConnecter [ServletSeConnecter.java:85] vb s'est connecté(e)
19:19:41  INFO fr.eni.ihm.ServletSeConnecter [ServletSeConnecter.java:64] Antho s'est connecté(e)
19:47:18  INFO fr.eni.ihm.ServletSeConnecter [ServletSeConnecter.java:64] vb s'est connecté(e)
19:50:05  INFO fr.eni.ihm.ServletSeConnecter [ServletSeConnecter.java:64] vb s'est connecté(e)
19:53:21  INFO fr.eni.ihm.deconnexion [deconnexion.java:40] vb s'est déconnecté(e)
19:53:52  INFO fr.eni.ihm.ServletSeConnecter [ServletSeConnecter.java:64] FirasHM s'est connecté(e)
20:08:59  INFO fr.eni.ihm.ServletSeConnecter [ServletSeConnecter.java:64] FirasHM s'est connecté(e)
20:10:21  INFO fr.eni.ihm.deconnexion [deconnexion.java:40] FirasHM s'est déconnecté(e)
20:10:34  INFO fr.eni.ihm.ServletSeConnecter [ServletSeConnecter.java:64] vb s'est connecté(e)
20:14:08  INFO fr.eni.ihm.ServletSeConnecter [ServletSeConnecter.java:64] FirasHM s'est connecté(e)
20:19:40  INFO fr.eni.ihm.ServletSeConnecter [ServletSeConnecter.java:64] FirasHM s'est connecté(e)
